#
# There is insufficient memory for the Java Runtime Environment to continue.
# Native memory allocation (malloc) failed to allocate 53477376 bytes for committing reserved memory.
# Possible reasons:
#   The system is out of physical RAM or swap space
#   In 32 bit mode, the process size limit was hit
# Possible solutions:
#   Reduce memory load on the system
#   Increase physical memory or swap space
#   Check if swap backing store is full
#   Use 64 bit Java on a 64 bit OS
#   Decrease Java heap size (-Xmx/-Xms)
#   Decrease number of Java threads
#   Decrease Java thread stack sizes (-Xss)
#   Set larger code cache with -XX:ReservedCodeCacheSize=
# This output file may be truncated or incomplete.
#
#  Out of Memory Error (os_linux.cpp:2756), pid=9500, tid=140272704943872
#
# JRE version: Java(TM) SE Runtime Environment (7.0_80-b15) (build 1.7.0_80-b15)
# Java VM: Java HotSpot(TM) 64-Bit Server VM (24.80-b11 mixed mode linux-amd64 compressed oops)
# Failed to write core dump. Core dumps have been disabled. To enable core dumping, try "ulimit -c unlimited" before starting Java again
#

---------------  T H R E A D  ---------------

Current thread (0x00007f93c4137800):  VMThread [stack: 0x00007f93c8aff000,0x00007f93c8c00000] [id=9506]

Stack: [0x00007f93c8aff000,0x00007f93c8c00000],  sp=0x00007f93c8bfe3a0,  free space=1020k
Native frames: (J=compiled Java code, j=interpreted, Vv=VM code, C=native code)
V  [libjvm.so+0x9a320a]  VMError::report_and_die()+0x2ea
V  [libjvm.so+0x498d3b]  report_vm_out_of_memory(char const*, int, unsigned long, char const*)+0x9b
V  [libjvm.so+0x82191e]  os::Linux::commit_memory_impl(char*, unsigned long, bool)+0xfe
V  [libjvm.so+0x821e69]  os::pd_commit_memory(char*, unsigned long, unsigned long, bool)+0x29
V  [libjvm.so+0x81bb6a]  os::commit_memory(char*, unsigned long, unsigned long, bool)+0x2a
V  [libjvm.so+0x88d623]  PSVirtualSpace::expand_by(unsigned long)+0x53
V  [libjvm.so+0x87ca80]  PSOldGen::expand(unsigned long)+0x170
V  [libjvm.so+0x87cc8b]  PSOldGen::resize(unsigned long)+0x1cb
V  [libjvm.so+0x885951]  PSParallelCompact::invoke_no_policy(bool)+0x9b1
V  [libjvm.so+0x88b8cd]  PSScavenge::invoke()+0x1ad
V  [libjvm.so+0x843f40]  ParallelScavengeHeap::failed_mem_allocate(unsigned long)+0x70
V  [libjvm.so+0x9a4a97]  VM_ParallelGCFailedAllocation::doit()+0x97
V  [libjvm.so+0x9abf35]  VM_Operation::evaluate()+0x55
V  [libjvm.so+0x9aa2fa]  VMThread::evaluate_operation(VM_Operation*)+0xba
V  [libjvm.so+0x9aa67e]  VMThread::loop()+0x1ce
V  [libjvm.so+0x9aaaf0]  VMThread::run()+0x70
V  [libjvm.so+0x8238c8]  java_start(Thread*)+0x108

VM_Operation (0x00007f93bc398f30): ParallelGCFailedAllocation, mode: safepoint, requested by thread 0x00007f9370064800


---------------  P R O C E S S  ---------------

Java Threads: ( => current thread )
  0x00007f933c023000 JavaThread "SortMerger spilling thread" daemon [_thread_blocked, id=9559, stack(0x00007f93b77f8000,0x00007f93b78f9000)]
  0x00007f933c021800 JavaThread "SortMerger sorting thread" daemon [_thread_blocked, id=9558, stack(0x00007f93b78f9000,0x00007f93b79fa000)]
  0x00007f933c01e000 JavaThread "SortMerger Reading Thread" daemon [_thread_blocked, id=9557, stack(0x00007f93b79fa000,0x00007f93b7afb000)]
  0x00007f934c00d800 JavaThread "SortMerger spilling thread" daemon [_thread_blocked, id=9556, stack(0x00007f93b7afb000,0x00007f93b7bfc000)]
  0x00007f934c00c800 JavaThread "SortMerger sorting thread" daemon [_thread_blocked, id=9555, stack(0x00007f93b7bfc000,0x00007f93b7cfd000)]
  0x00007f934c00b800 JavaThread "SortMerger Reading Thread" daemon [_thread_blocked, id=9554, stack(0x00007f93bc59d000,0x00007f93bc69e000)]
  0x00007f9370069800 JavaThread "flink-akka.actor.default-dispatcher-5" daemon [_thread_blocked, id=9553, stack(0x00007f93bc69e000,0x00007f93bc79f000)]
  0x00007f9354002000 JavaThread "CloseableReaperThread" daemon [_thread_blocked, id=9552, stack(0x00007f93b7cfd000,0x00007f93b7dfe000)]
  0x00007f9370067800 JavaThread "Reduce (SUM(1), at main(WordCount.java:59) (4/4)" daemon [_thread_blocked, id=9551, stack(0x00007f93b7dfe000,0x00007f93b7eff000)]
  0x00007f934c001000 JavaThread "CloseableReaperThread" daemon [_thread_blocked, id=9550, stack(0x00007f93b7eff000,0x00007f93b8000000)]
  0x00007f9370066000 JavaThread "Reduce (SUM(1), at main(WordCount.java:59) (1/4)" daemon [_thread_blocked, id=9549, stack(0x00007f93bc098000,0x00007f93bc199000)]
  0x00007f9344001000 JavaThread "CloseableReaperThread" daemon [_thread_blocked, id=9548, stack(0x00007f93bc199000,0x00007f93bc29a000)]
  0x00007f9370064800 JavaThread "Reduce (SUM(1), at main(WordCount.java:59) (2/4)" daemon [_thread_blocked, id=9547, stack(0x00007f93bc29a000,0x00007f93bc39b000)]
  0x00007f933c01b800 JavaThread "CloseableReaperThread" daemon [_thread_blocked, id=9546, stack(0x00007f93bc39b000,0x00007f93bc49c000)]
  0x00007f9370063000 JavaThread "Reduce (SUM(1), at main(WordCount.java:59) (3/4)" daemon [_thread_blocked, id=9545, stack(0x00007f93bc49c000,0x00007f93bc59d000)]
  0x00007f9374055800 JavaThread "Flink-MetricRegistry-1" [_thread_blocked, id=9542, stack(0x00007f93bc79f000,0x00007f93bc8a0000)]
  0x00007f935c002000 JavaThread "ForkJoinPool-1-worker-5" daemon [_thread_blocked, id=9541, stack(0x00007f93bc8a0000,0x00007f93bc9a1000)]
  0x00007f937002e800 JavaThread "Timer-1" daemon [_thread_blocked, id=9540, stack(0x00007f93bc9a1000,0x00007f93bcaa2000)]
  0x00007f9368034000 JavaThread "mini-cluster-future-1-thread4" [_thread_blocked, id=9539, stack(0x00007f93bcaa2000,0x00007f93bcba3000)]
  0x00007f9368032000 JavaThread "mini-cluster-future-1-thread3" [_thread_blocked, id=9538, stack(0x00007f93bcba3000,0x00007f93bcca4000)]
  0x00007f9368030000 JavaThread "mini-cluster-future-1-thread2" [_thread_blocked, id=9537, stack(0x00007f93bcca4000,0x00007f93bcda5000)]
  0x00007f936802d000 JavaThread "mini-cluster-future-1-thread1" [_thread_blocked, id=9536, stack(0x00007f93bcda5000,0x00007f93bcea6000)]
  0x00007f93c4a3a000 JavaThread "ForkJoinPool-1-worker-7" daemon [_thread_blocked, id=9534, stack(0x00007f93bcea6000,0x00007f93bcfa7000)]
  0x00007f93c4a59000 JavaThread "IOManager reader thread #1" daemon [_thread_blocked, id=9533, stack(0x00007f93bcfa7000,0x00007f93bd0a8000)]
  0x00007f93c4a58800 JavaThread "IOManager writer thread #1" daemon [_thread_blocked, id=9532, stack(0x00007f93bd0a8000,0x00007f93bd1a9000)]
  0x00007f93c4b8d800 JavaThread "Timer-0" daemon [_thread_blocked, id=9530, stack(0x00007f93bd3b1000,0x00007f93bd4b2000)]
  0x00007f93c4b7c800 JavaThread "BLOB Server listener at 39071" daemon [_thread_in_native, id=9528, stack(0x00007f93bd4b2000,0x00007f93bd5b3000)]
  0x00007f9370012000 JavaThread "flink-akka.actor.default-dispatcher-4" daemon [_thread_blocked, id=9527, stack(0x00007f93bd5b3000,0x00007f93bd6b4000)]
  0x00007f93c4b57800 JavaThread "flink-akka.actor.default-dispatcher-3" daemon [_thread_blocked, id=9526, stack(0x00007f93bd6b4000,0x00007f93bd7b5000)]
  0x00007f93c4b48800 JavaThread "flink-akka.actor.default-dispatcher-2" daemon [_thread_blocked, id=9525, stack(0x00007f93bd7b5000,0x00007f93bd8b6000)]
  0x00007f93c4b20800 JavaThread "flink-scheduler-1" daemon [_thread_blocked, id=9524, stack(0x00007f93bd8b6000,0x00007f93bd9b7000)]
  0x00007f93c47e2800 JavaThread "Service Thread" daemon [_thread_blocked, id=9517, stack(0x00007f93bdee4000,0x00007f93bdfe5000)]
  0x00007f93c47e0800 JavaThread "C2 CompilerThread1" daemon [_thread_blocked, id=9516, stack(0x00007f93bdfe5000,0x00007f93be0e6000)]
  0x00007f93c47e4800 JavaThread "C2 CompilerThread0" daemon [_thread_blocked, id=9515, stack(0x00007f93be0e6000,0x00007f93be1e7000)]
  0x00007f93c47e6800 JavaThread "Monitor Ctrl-Break" daemon [_thread_in_native, id=9514, stack(0x00007f93be1e7000,0x00007f93be2e8000)]
  0x00007f93c415e800 JavaThread "Signal Dispatcher" daemon [_thread_blocked, id=9509, stack(0x00007f93c8118000,0x00007f93c8219000)]
  0x00007f93c413d800 JavaThread "Finalizer" daemon [_thread_blocked, id=9508, stack(0x00007f93c88fd000,0x00007f93c89fe000)]
  0x00007f93c413b800 JavaThread "Reference Handler" daemon [_thread_blocked, id=9507, stack(0x00007f93c89fe000,0x00007f93c8aff000)]
  0x00007f93c4010800 JavaThread "main" [_thread_blocked, id=9501, stack(0x00007f93cd68d000,0x00007f93cd78e000)]

Other Threads:
=>0x00007f93c4137800 VMThread [stack: 0x00007f93c8aff000,0x00007f93c8c00000] [id=9506]
  0x00007f93c47fa000 WatcherThread [stack: 0x00007f93bdde3000,0x00007f93bdee4000] [id=9518]

VM state:at safepoint (normal execution)

VM Mutex/Monitor currently owned by a thread:  ([mutex/lock_event])
[0x00007f93c4008360] ExpandHeap_lock - owner thread: 0x00007f93c4137800
[0x00007f93c400c9c0] Threads_lock - owner thread: 0x00007f93c4137800
[0x00007f93c400cec0] Heap_lock - owner thread: 0x00007f9370064800

Heap
 PSYoungGen      total 90624K, used 22481K [0x00000000ebf00000, 0x00000000f6f80000, 0x0000000100000000)
  eden space 51200K, 0% used [0x00000000ebf00000,0x00000000ebf00000,0x00000000ef100000)
  from space 39424K, 57% used [0x00000000f2800000,0x00000000f3df4418,0x00000000f4e80000)
  to   space 56320K, 0% used [0x00000000ef100000,0x00000000ef100000,0x00000000f2800000)
 ParOldGen       total 139776K, used 139641K [0x00000000c3e00000, 0x00000000cc680000, 0x00000000ebf00000)
  object space 139776K, 99% used [0x00000000c3e00000,0x00000000cc65e430,0x00000000cc680000)
 PSPermGen       total 33792K, used 22242K [0x00000000bec00000, 0x00000000c0d00000, 0x00000000c3e00000)
  object space 33792K, 65% used [0x00000000bec00000,0x00000000c01b8880,0x00000000c0d00000)

Card table byte_map: [0x00007f93ca563000,0x00007f93ca76e000] byte_map_base: 0x00007f93c9f6d000

Polling page: 0x00007f93cd7a7000

Code Cache  [0x00007f93c1000000, 0x00007f93c1270000, 0x00007f93c4000000)
 total_blobs=479 nmethods=137 adapters=295 free_code_cache=48447Kb largest_free_block=49569728

Compilation events (10 events):
Event: 31,188 Thread 0x00007f93c47e4800  144             java.lang.ref.Reference::<init> (25 bytes)
Event: 31,189 Thread 0x00007f93c47e4800 nmethod 144 0x00007f93c10b5710 code [0x00007f93c10b5840, 0x00007f93c10b58d8]
Event: 31,261 Thread 0x00007f93c47e4800  145             java.lang.System::getSecurityManager (4 bytes)
Event: 31,262 Thread 0x00007f93c47e4800 nmethod 145 0x00007f93c1076610 code [0x00007f93c1076740, 0x00007f93c1076798]
Event: 31,544 Thread 0x00007f93c47e4800  146             java.util.ArrayList::ensureExplicitCapacity (26 bytes)
Event: 31,545 Thread 0x00007f93c47e0800  147             java.util.ArrayList::ensureCapacityInternal (23 bytes)
Event: 31,550 Thread 0x00007f93c47e0800 nmethod 147 0x00007f93c10823d0 code [0x00007f93c1082520, 0x00007f93c10827a8]
Event: 31,550 Thread 0x00007f93c47e0800  148             java.util.ArrayList::add (29 bytes)
Event: 31,552 Thread 0x00007f93c47e4800 nmethod 146 0x00007f93c10b2e10 code [0x00007f93c10b2f60, 0x00007f93c10b31a8]
Event: 31,552 Thread 0x00007f93c47e4800  149             java.util.HashMap::transfer (115 bytes)

GC Heap History (10 events):
Event: 30,892 GC heap after
Heap after GC invocations=16 (full 3):
 PSYoungGen      total 57344K, used 15382K [0x00000000ebf00000, 0x00000000f2000000, 0x0000000100000000)
  eden space 30720K, 0% used [0x00000000ebf00000,0x00000000ebf00000,0x00000000edd00000)
  from space 26624K, 57% used [0x00000000edd00000,0x00000000eec05ad0,0x00000000ef700000)
  to   space 27136K, 0% used [0x00000000f0580000,0x00000000f0580000,0x00000000f2000000)
 ParOldGen       total 99840K, used 69231K [0x00000000c3e00000, 0x00000000c9f80000, 0x00000000ebf00000)
  object space 99840K, 69% used [0x00000000c3e00000,0x00000000c819bd08,0x00000000c9f80000)
 PSPermGen       total 30720K, used 21801K [0x00000000bec00000, 0x00000000c0a00000, 0x00000000c3e00000)
  object space 30720K, 70% used [0x00000000bec00000,0x00000000c014a4b8,0x00000000c0a00000)
}
Event: 31,294 GC heap before
{Heap before GC invocations=17 (full 3):
 PSYoungGen      total 57344K, used 46079K [0x00000000ebf00000, 0x00000000f2000000, 0x0000000100000000)
  eden space 30720K, 99% used [0x00000000ebf00000,0x00000000edcfa258,0x00000000edd00000)
  from space 26624K, 57% used [0x00000000edd00000,0x00000000eec05ad0,0x00000000ef700000)
  to   space 27136K, 0% used [0x00000000f0580000,0x00000000f0580000,0x00000000f2000000)
 ParOldGen       total 99840K, used 69231K [0x00000000c3e00000, 0x00000000c9f80000, 0x00000000ebf00000)
  object space 99840K, 69% used [0x00000000c3e00000,0x00000000c819bd08,0x00000000c9f80000)
 PSPermGen       total 30720K, used 22226K [0x00000000bec00000, 0x00000000c0a00000, 0x00000000c3e00000)
  object space 30720K, 72% used [0x00000000bec00000,0x00000000c01b49c0,0x00000000c0a00000)
Event: 31,308 GC heap after
Heap after GC invocations=17 (full 3):
 PSYoungGen      total 69120K, used 5366K [0x00000000ebf00000, 0x00000000f1d80000, 0x0000000100000000)
  eden space 44544K, 0% used [0x00000000ebf00000,0x00000000ebf00000,0x00000000eea80000)
  from space 24576K, 21% used [0x00000000f0580000,0x00000000f0abd940,0x00000000f1d80000)
  to   space 26112K, 0% used [0x00000000eea80000,0x00000000eea80000,0x00000000f0400000)
 ParOldGen       total 99840K, used 69856K [0x00000000c3e00000, 0x00000000c9f80000, 0x00000000ebf00000)
  object space 99840K, 69% used [0x00000000c3e00000,0x00000000c82383e0,0x00000000c9f80000)
 PSPermGen       total 30720K, used 22226K [0x00000000bec00000, 0x00000000c0a00000, 0x00000000c3e00000)
  object space 30720K, 72% used [0x00000000bec00000,0x00000000c01b49c0,0x00000000c0a00000)
}
Event: 31,332 GC heap before
{Heap before GC invocations=18 (full 3):
 PSYoungGen      total 69120K, used 49906K [0x00000000ebf00000, 0x00000000f1d80000, 0x0000000100000000)
  eden space 44544K, 99% used [0x00000000ebf00000,0x00000000eea7f0f8,0x00000000eea80000)
  from space 24576K, 21% used [0x00000000f0580000,0x00000000f0abd940,0x00000000f1d80000)
  to   space 26112K, 0% used [0x00000000eea80000,0x00000000eea80000,0x00000000f0400000)
 ParOldGen       total 99840K, used 69856K [0x00000000c3e00000, 0x00000000c9f80000, 0x00000000ebf00000)
  object space 99840K, 69% used [0x00000000c3e00000,0x00000000c82383e0,0x00000000c9f80000)
 PSPermGen       total 30720K, used 22237K [0x00000000bec00000, 0x00000000c0a00000, 0x00000000c3e00000)
  object space 30720K, 72% used [0x00000000bec00000,0x00000000c01b7718,0x00000000c0a00000)
Event: 31,364 GC heap after
Heap after GC invocations=18 (full 3):
 PSYoungGen      total 70656K, used 26092K [0x00000000ebf00000, 0x00000000f4e80000, 0x0000000100000000)
  eden space 44544K, 0% used [0x00000000ebf00000,0x00000000ebf00000,0x00000000eea80000)
  from space 26112K, 99% used [0x00000000eea80000,0x00000000f03fb2a0,0x00000000f0400000)
  to   space 39424K, 0% used [0x00000000f2800000,0x00000000f2800000,0x00000000f4e80000)
 ParOldGen       total 99840K, used 93007K [0x00000000c3e00000, 0x00000000c9f80000, 0x00000000ebf00000)
  object space 99840K, 93% used [0x00000000c3e00000,0x00000000c98d3c38,0x00000000c9f80000)
 PSPermGen       total 30720K, used 22237K [0x00000000bec00000, 0x00000000c0a00000, 0x00000000c3e00000)
  object space 30720K, 72% used [0x00000000bec00000,0x00000000c01b7718,0x00000000c0a00000)
}
Event: 31,364 GC heap before
{Heap before GC invocations=19 (full 4):
 PSYoungGen      total 70656K, used 26092K [0x00000000ebf00000, 0x00000000f4e80000, 0x0000000100000000)
  eden space 44544K, 0% used [0x00000000ebf00000,0x00000000ebf00000,0x00000000eea80000)
  from space 26112K, 99% used [0x00000000eea80000,0x00000000f03fb2a0,0x00000000f0400000)
  to   space 39424K, 0% used [0x00000000f2800000,0x00000000f2800000,0x00000000f4e80000)
 ParOldGen       total 99840K, used 93007K [0x00000000c3e00000, 0x00000000c9f80000, 0x00000000ebf00000)
  object space 99840K, 93% used [0x00000000c3e00000,0x00000000c98d3c38,0x00000000c9f80000)
 PSPermGen       total 30720K, used 22237K [0x00000000bec00000, 0x00000000c0a00000, 0x00000000c3e00000)
  object space 30720K, 72% used [0x00000000bec00000,0x00000000c01b7718,0x00000000c0a00000)
Event: 31,539 GC heap after
Heap after GC invocations=19 (full 4):
 PSYoungGen      total 70656K, used 18901K [0x00000000ebf00000, 0x00000000f4e80000, 0x0000000100000000)
  eden space 44544K, 0% used [0x00000000ebf00000,0x00000000ebf00000,0x00000000eea80000)
  from space 26112K, 72% used [0x00000000eea80000,0x00000000efcf57a0,0x00000000f0400000)
  to   space 39424K, 0% used [0x00000000f2800000,0x00000000f2800000,0x00000000f4e80000)
 ParOldGen       total 139776K, used 99520K [0x00000000c3e00000, 0x00000000cc680000, 0x00000000ebf00000)
  object space 139776K, 71% used [0x00000000c3e00000,0x00000000c9f30068,0x00000000cc680000)
 PSPermGen       total 33792K, used 22233K [0x00000000bec00000, 0x00000000c0d00000, 0x00000000c3e00000)
  object space 33792K, 65% used [0x00000000bec00000,0x00000000c01b6510,0x00000000c0d00000)
}
Event: 31,553 GC heap before
{Heap before GC invocations=20 (full 4):
 PSYoungGen      total 70656K, used 63417K [0x00000000ebf00000, 0x00000000f4e80000, 0x0000000100000000)
  eden space 44544K, 99% used [0x00000000ebf00000,0x00000000eea78d08,0x00000000eea80000)
  from space 26112K, 72% used [0x00000000eea80000,0x00000000efcf57a0,0x00000000f0400000)
  to   space 39424K, 0% used [0x00000000f2800000,0x00000000f2800000,0x00000000f4e80000)
 ParOldGen       total 139776K, used 99520K [0x00000000c3e00000, 0x00000000cc680000, 0x00000000ebf00000)
  object space 139776K, 71% used [0x00000000c3e00000,0x00000000c9f30068,0x00000000cc680000)
 PSPermGen       total 33792K, used 22242K [0x00000000bec00000, 0x00000000c0d00000, 0x00000000c3e00000)
  object space 33792K, 65% used [0x00000000bec00000,0x00000000c01b8880,0x00000000c0d00000)
Event: 31,608 GC heap after
Heap after GC invocations=20 (full 4):
 PSYoungGen      total 90624K, used 39411K [0x00000000ebf00000, 0x00000000f6f80000, 0x0000000100000000)
  eden space 51200K, 0% used [0x00000000ebf00000,0x00000000ebf00000,0x00000000ef100000)
  from space 39424K, 99% used [0x00000000f2800000,0x00000000f4e7cc90,0x00000000f4e80000)
  to   space 56320K, 0% used [0x00000000ef100000,0x00000000ef100000,0x00000000f2800000)
 ParOldGen       total 139776K, used 126037K [0x00000000c3e00000, 0x00000000cc680000, 0x00000000ebf00000)
  object space 139776K, 90% used [0x00000000c3e00000,0x00000000cb915418,0x00000000cc680000)
 PSPermGen       total 33792K, used 22242K [0x00000000bec00000, 0x00000000c0d00000, 0x00000000c3e00000)
  object space 33792K, 65% used [0x00000000bec00000,0x00000000c01b8880,0x00000000c0d00000)
}
Event: 31,608 GC heap before
{Heap before GC invocations=21 (full 5):
 PSYoungGen      total 90624K, used 39411K [0x00000000ebf00000, 0x00000000f6f80000, 0x0000000100000000)
  eden space 51200K, 0% used [0x00000000ebf00000,0x00000000ebf00000,0x00000000ef100000)
  from space 39424K, 99% used [0x00000000f2800000,0x00000000f4e7cc90,0x00000000f4e80000)
  to   space 56320K, 0% used [0x00000000ef100000,0x00000000ef100000,0x00000000f2800000)
 ParOldGen       total 139776K, used 126037K [0x00000000c3e00000, 0x00000000cc680000, 0x00000000ebf00000)
  object space 139776K, 90% used [0x00000000c3e00000,0x00000000cb915418,0x00000000cc680000)
 PSPermGen       total 33792K, used 22242K [0x00000000bec00000, 0x00000000c0d00000, 0x00000000c3e00000)
  object space 33792K, 65% used [0x00000000bec00000,0x00000000c01b8880,0x00000000c0d00000)

Deoptimization events (10 events):
Event: 18,563 Thread 0x00007f93c4010800 Uncommon trap: reason=unstable_if action=reinterpret pc=0x00007f93c1082890 method=sun.misc.MetaIndex.mayContain(Ljava/lang/String;)Z @ 4
Event: 18,638 Thread 0x00007f93c4010800 Uncommon trap: reason=class_check action=maybe_recompile pc=0x00007f93c1087d74 method=java.util.AbstractCollection.isEmpty()Z @ 1
Event: 18,677 Thread 0x00007f93c4010800 Uncommon trap: reason=class_check action=maybe_recompile pc=0x00007f93c1087d74 method=java.util.AbstractCollection.isEmpty()Z @ 1
Event: 18,678 Thread 0x00007f93c4010800 Uncommon trap: reason=class_check action=maybe_recompile pc=0x00007f93c1087d74 method=java.util.AbstractCollection.isEmpty()Z @ 1
Event: 18,679 Thread 0x00007f93c4010800 Uncommon trap: reason=class_check action=maybe_recompile pc=0x00007f93c1087d74 method=java.util.AbstractCollection.isEmpty()Z @ 1
Event: 18,725 Thread 0x00007f93c4010800 Uncommon trap: reason=class_check action=maybe_recompile pc=0x00007f93c1097704 method=com.typesafe.config.impl.Tokenizer$TokenIterator.nextCharRaw()I @ 14
Event: 18,725 Thread 0x00007f93c4010800 Uncommon trap: reason=class_check action=maybe_recompile pc=0x00007f93c1097704 method=com.typesafe.config.impl.Tokenizer$TokenIterator.nextCharRaw()I @ 14
Event: 18,725 Thread 0x00007f93c4010800 Uncommon trap: reason=class_check action=maybe_recompile pc=0x00007f93c1097704 method=com.typesafe.config.impl.Tokenizer$TokenIterator.nextCharRaw()I @ 14
Event: 18,725 Thread 0x00007f93c4010800 Uncommon trap: reason=class_check action=maybe_recompile pc=0x00007f93c1097704 method=com.typesafe.config.impl.Tokenizer$TokenIterator.nextCharRaw()I @ 14
Event: 26,009 Thread 0x00007f93c4010800 Uncommon trap: reason=unstable_if action=reinterpret pc=0x00007f93c109bfcc method=java.util.HashMap.get(Ljava/lang/Object;)Ljava/lang/Object; @ 1

Internal exceptions (10 events):
Event: 31,286 Thread 0x00007f9370066000 Threw 0x00000000ed8121f8 at /HUDSON/workspace/7u-2-build-linux-amd64/jdk7u80/2329/hotspot/src/share/vm/prims/jvm.cpp:1319
Event: 31,287 Thread 0x00007f9370066000 Threw 0x00000000ed835838 at /HUDSON/workspace/7u-2-build-linux-amd64/jdk7u80/2329/hotspot/src/share/vm/prims/jvm.cpp:1319
Event: 31,288 Thread 0x00007f9370066000 Threw 0x00000000ed843ed0 at /HUDSON/workspace/7u-2-build-linux-amd64/jdk7u80/2329/hotspot/src/share/vm/prims/jvm.cpp:1319
Event: 31,289 Thread 0x00007f9370066000 Threw 0x00000000ed84ce40 at /HUDSON/workspace/7u-2-build-linux-amd64/jdk7u80/2329/hotspot/src/share/vm/prims/jvm.cpp:1319
Event: 31,290 Thread 0x00007f9370066000 Threw 0x00000000ed86cd50 at /HUDSON/workspace/7u-2-build-linux-amd64/jdk7u80/2329/hotspot/src/share/vm/prims/jvm.cpp:1319
Event: 31,325 Thread 0x00007f9370066000 Threw 0x00000000ed870440 at /HUDSON/workspace/7u-2-build-linux-amd64/jdk7u80/2329/hotspot/src/share/vm/prims/jvm.cpp:1319
Event: 31,328 Thread 0x00007f9370066000 Threw 0x00000000edbe6dc8 at /HUDSON/workspace/7u-2-build-linux-amd64/jdk7u80/2329/hotspot/src/share/vm/prims/jvm.cpp:1319
Event: 31,540 Thread 0x00007f9370066000 Threw 0x00000000ebf2c678 at /HUDSON/workspace/7u-2-build-linux-amd64/jdk7u80/2329/hotspot/src/share/vm/prims/jvm.cpp:1319
Event: 31,541 Thread 0x00007f934c00b800 Threw 0x00000000ec471338 at /HUDSON/workspace/7u-2-build-linux-amd64/jdk7u80/2329/hotspot/src/share/vm/prims/jvm.cpp:1319
Event: 31,542 Thread 0x00007f934c00b800 Threw 0x00000000ec47d1c8 at /HUDSON/workspace/7u-2-build-linux-amd64/jdk7u80/2329/hotspot/src/share/vm/prims/jvm.cpp:1319

Events (10 events):
Event: 31,540 loading class 0x00007f93c4c456b0 done
Event: 31,541 loading class 0x00007f93c4bb1250
Event: 31,541 loading class 0x00007f93c4bb1250 done
Event: 31,542 loading class 0x00007f93c4bb1450
Event: 31,542 loading class 0x00007f93c4bb1450 done
Event: 31,545 Thread 0x00007f933c01e000 Thread added: 0x00007f933c01e000
Event: 31,546 Thread 0x00007f933c021800 Thread added: 0x00007f933c021800
Event: 31,546 Thread 0x00007f933c023000 Thread added: 0x00007f933c023000
Event: 31,550 Thread 0x00007f93c47e0800 flushing nmethod 0x00007f93c1087bd0
Event: 31,553 Executing VM operation: ParallelGCFailedAllocation


Dynamic libraries:
00400000-00401000 r-xp 00000000 08:06 3023175                            /usr/lib/jvm/java-7-oracle/bin/java
00600000-00601000 rw-p 00000000 08:06 3023175                            /usr/lib/jvm/java-7-oracle/bin/java
0109f000-010c0000 rw-p 00000000 00:00 0                                  [heap]
bec00000-c0d00000 rw-p 00000000 00:00 0 
c0d00000-c3e00000 rw-p 00000000 00:00 0 
c3e00000-cc680000 rw-p 00000000 00:00 0 
cf980000-ebf00000 rw-p 00000000 00:00 0 
ebf00000-f6f80000 rw-p 00000000 00:00 0 
f6f80000-100000000 rw-p 00000000 00:00 0 
7f9338000000-7f9338021000 rw-p 00000000 00:00 0 
7f9338021000-7f933c000000 ---p 00000000 00:00 0 
7f933c000000-7f933c026000 rw-p 00000000 00:00 0 
7f933c026000-7f9340000000 ---p 00000000 00:00 0 
7f9340000000-7f9340021000 rw-p 00000000 00:00 0 
7f9340021000-7f9344000000 ---p 00000000 00:00 0 
7f9344000000-7f9344021000 rw-p 00000000 00:00 0 
7f9344021000-7f9348000000 ---p 00000000 00:00 0 
7f9348000000-7f9348021000 rw-p 00000000 00:00 0 
7f9348021000-7f934c000000 ---p 00000000 00:00 0 
7f934c000000-7f934c021000 rw-p 00000000 00:00 0 
7f934c021000-7f9350000000 ---p 00000000 00:00 0 
7f9350000000-7f9350021000 rw-p 00000000 00:00 0 
7f9350021000-7f9354000000 ---p 00000000 00:00 0 
7f9354000000-7f9354021000 rw-p 00000000 00:00 0 
7f9354021000-7f9358000000 ---p 00000000 00:00 0 
7f9358000000-7f9358021000 rw-p 00000000 00:00 0 
7f9358021000-7f935c000000 ---p 00000000 00:00 0 
7f935c000000-7f935c021000 rw-p 00000000 00:00 0 
7f935c021000-7f9360000000 ---p 00000000 00:00 0 
7f9360000000-7f9360021000 rw-p 00000000 00:00 0 
7f9360021000-7f9364000000 ---p 00000000 00:00 0 
7f9364000000-7f9364021000 rw-p 00000000 00:00 0 
7f9364021000-7f9368000000 ---p 00000000 00:00 0 
7f9368000000-7f9368046000 rw-p 00000000 00:00 0 
7f9368046000-7f936c000000 ---p 00000000 00:00 0 
7f936c000000-7f936c021000 rw-p 00000000 00:00 0 
7f936c021000-7f9370000000 ---p 00000000 00:00 0 
7f9370000000-7f937006b000 rw-p 00000000 00:00 0 
7f937006b000-7f9374000000 ---p 00000000 00:00 0 
7f9374000000-7f937407f000 rw-p 00000000 00:00 0 
7f937407f000-7f9378000000 ---p 00000000 00:00 0 
7f9378000000-7f9378021000 rw-p 00000000 00:00 0 
7f9378021000-7f937c000000 ---p 00000000 00:00 0 
7f937c000000-7f937c021000 rw-p 00000000 00:00 0 
7f937c021000-7f9380000000 ---p 00000000 00:00 0 
7f9380000000-7f9380021000 rw-p 00000000 00:00 0 
7f9380021000-7f9384000000 ---p 00000000 00:00 0 
7f9388000000-7f93883a1000 rw-p 00000000 00:00 0 
7f93883a1000-7f938c000000 ---p 00000000 00:00 0 
7f938c000000-7f938c261000 rw-p 00000000 00:00 0 
7f938c261000-7f9390000000 ---p 00000000 00:00 0 
7f9390000000-7f9390021000 rw-p 00000000 00:00 0 
7f9390021000-7f9394000000 ---p 00000000 00:00 0 
7f9394000000-7f9394037000 rw-p 00000000 00:00 0 
7f9394037000-7f9398000000 ---p 00000000 00:00 0 
7f9398000000-7f9398021000 rw-p 00000000 00:00 0 
7f9398021000-7f939c000000 ---p 00000000 00:00 0 
7f939c000000-7f939c021000 rw-p 00000000 00:00 0 
7f939c021000-7f93a0000000 ---p 00000000 00:00 0 
7f93a0000000-7f93a0021000 rw-p 00000000 00:00 0 
7f93a0021000-7f93a4000000 ---p 00000000 00:00 0 
7f93a4000000-7f93a4252000 rw-p 00000000 00:00 0 
7f93a4252000-7f93a8000000 ---p 00000000 00:00 0 
7f93a8000000-7f93a8021000 rw-p 00000000 00:00 0 
7f93a8021000-7f93ac000000 ---p 00000000 00:00 0 
7f93b0000000-7f93b0021000 rw-p 00000000 00:00 0 
7f93b0021000-7f93b4000000 ---p 00000000 00:00 0 
7f93b77f8000-7f93b77fb000 ---p 00000000 00:00 0 
7f93b77fb000-7f93b78f9000 rw-p 00000000 00:00 0 
7f93b78f9000-7f93b78fc000 ---p 00000000 00:00 0 
7f93b78fc000-7f93b79fa000 rw-p 00000000 00:00 0 
7f93b79fa000-7f93b79fd000 ---p 00000000 00:00 0 
7f93b79fd000-7f93b7afb000 rw-p 00000000 00:00 0 
7f93b7afb000-7f93b7afe000 ---p 00000000 00:00 0 
7f93b7afe000-7f93b7bfc000 rw-p 00000000 00:00 0 
7f93b7bfc000-7f93b7bff000 ---p 00000000 00:00 0 
7f93b7bff000-7f93b7cfd000 rw-p 00000000 00:00 0 
7f93b7cfd000-7f93b7d00000 ---p 00000000 00:00 0 
7f93b7d00000-7f93b7dfe000 rw-p 00000000 00:00 0 
7f93b7dfe000-7f93b7e01000 ---p 00000000 00:00 0 
7f93b7e01000-7f93b7eff000 rw-p 00000000 00:00 0 
7f93b7eff000-7f93b7f02000 ---p 00000000 00:00 0 
7f93b7f02000-7f93b8000000 rw-p 00000000 00:00 0 
7f93b8000000-7f93b808b000 rw-p 00000000 00:00 0 
7f93b808b000-7f93bc000000 ---p 00000000 00:00 0 
7f93bc06e000-7f93bc06f000 rw-p 00000000 00:00 0 
7f93bc06f000-7f93bc076000 r--s 00000000 08:06 2624087                    /usr/lib/x86_64-linux-gnu/gconv/gconv-modules.cache
7f93bc076000-7f93bc098000 r--p 00000000 08:06 3020832                    /usr/share/locale-langpack/pt_BR/LC_MESSAGES/libc.mo
7f93bc098000-7f93bc09b000 ---p 00000000 00:00 0 
7f93bc09b000-7f93bc199000 rw-p 00000000 00:00 0 
7f93bc199000-7f93bc19c000 ---p 00000000 00:00 0 
7f93bc19c000-7f93bc29a000 rw-p 00000000 00:00 0 
7f93bc29a000-7f93bc29d000 ---p 00000000 00:00 0 
7f93bc29d000-7f93bc39b000 rw-p 00000000 00:00 0 
7f93bc39b000-7f93bc39e000 ---p 00000000 00:00 0 
7f93bc39e000-7f93bc49c000 rw-p 00000000 00:00 0 
7f93bc49c000-7f93bc49f000 ---p 00000000 00:00 0 
7f93bc49f000-7f93bc59d000 rw-p 00000000 00:00 0 
7f93bc59d000-7f93bc5a0000 ---p 00000000 00:00 0 
7f93bc5a0000-7f93bc69e000 rw-p 00000000 00:00 0 
7f93bc69e000-7f93bc6a1000 ---p 00000000 00:00 0 
7f93bc6a1000-7f93bc79f000 rw-p 00000000 00:00 0 
7f93bc79f000-7f93bc7a2000 ---p 00000000 00:00 0 
7f93bc7a2000-7f93bc8a0000 rw-p 00000000 00:00 0 
7f93bc8a0000-7f93bc8a3000 ---p 00000000 00:00 0 
7f93bc8a3000-7f93bc9a1000 rw-p 00000000 00:00 0 
7f93bc9a1000-7f93bc9a4000 ---p 00000000 00:00 0 
7f93bc9a4000-7f93bcaa2000 rw-p 00000000 00:00 0 
7f93bcaa2000-7f93bcaa5000 ---p 00000000 00:00 0 
7f93bcaa5000-7f93bcba3000 rw-p 00000000 00:00 0 
7f93bcba3000-7f93bcba6000 ---p 00000000 00:00 0 
7f93bcba6000-7f93bcca4000 rw-p 00000000 00:00 0 
7f93bcca4000-7f93bcca7000 ---p 00000000 00:00 0 
7f93bcca7000-7f93bcda5000 rw-p 00000000 00:00 0 
7f93bcda5000-7f93bcda8000 ---p 00000000 00:00 0 
7f93bcda8000-7f93bcea6000 rw-p 00000000 00:00 0 
7f93bcea6000-7f93bcea9000 ---p 00000000 00:00 0 
7f93bcea9000-7f93bcfa7000 rw-p 00000000 00:00 0 
7f93bcfa7000-7f93bcfaa000 ---p 00000000 00:00 0 
7f93bcfaa000-7f93bd0a8000 rw-p 00000000 00:00 0 
7f93bd0a8000-7f93bd0ab000 ---p 00000000 00:00 0 
7f93bd0ab000-7f93bd1a9000 rw-p 00000000 00:00 0 
7f93bd1a9000-7f93bd1b1000 r-xp 00000000 08:06 2763652                    /usr/lib/jvm/java-7-oracle/jre/lib/amd64/libmanagement.so
7f93bd1b1000-7f93bd3b0000 ---p 00008000 08:06 2763652                    /usr/lib/jvm/java-7-oracle/jre/lib/amd64/libmanagement.so
7f93bd3b0000-7f93bd3b1000 rw-p 00007000 08:06 2763652                    /usr/lib/jvm/java-7-oracle/jre/lib/amd64/libmanagement.so
7f93bd3b1000-7f93bd3b4000 ---p 00000000 00:00 0 
7f93bd3b4000-7f93bd4b2000 rw-p 00000000 00:00 0 
7f93bd4b2000-7f93bd4b5000 ---p 00000000 00:00 0 
7f93bd4b5000-7f93bd5b3000 rw-p 00000000 00:00 0 
7f93bd5b3000-7f93bd5b6000 ---p 00000000 00:00 0 
7f93bd5b6000-7f93bd6b4000 rw-p 00000000 00:00 0 
7f93bd6b4000-7f93bd6b7000 ---p 00000000 00:00 0 
7f93bd6b7000-7f93bd7b5000 rw-p 00000000 00:00 0 
7f93bd7b5000-7f93bd7b8000 ---p 00000000 00:00 0 
7f93bd7b8000-7f93bd8b6000 rw-p 00000000 00:00 0 
7f93bd8b6000-7f93bd8b9000 ---p 00000000 00:00 0 
7f93bd8b9000-7f93bd9b7000 rw-p 00000000 00:00 0 
7f93bd9b7000-7f93bd9bb000 r--s 0008b000 08:06 2502150                    /usr/lib/jvm/java-7-oracle/jre/lib/jsse.jar
7f93bd9bb000-7f93bd9cb000 r-xp 00000000 08:06 2763657                    /usr/lib/jvm/java-7-oracle/jre/lib/amd64/libnio.so
7f93bd9cb000-7f93bdbcb000 ---p 00010000 08:06 2763657                    /usr/lib/jvm/java-7-oracle/jre/lib/amd64/libnio.so
7f93bdbcb000-7f93bdbcc000 rw-p 00010000 08:06 2763657                    /usr/lib/jvm/java-7-oracle/jre/lib/amd64/libnio.so
7f93bdbcc000-7f93bdbe3000 r-xp 00000000 08:06 2763672                    /usr/lib/jvm/java-7-oracle/jre/lib/amd64/libnet.so
7f93bdbe3000-7f93bdde2000 ---p 00017000 08:06 2763672                    /usr/lib/jvm/java-7-oracle/jre/lib/amd64/libnet.so
7f93bdde2000-7f93bdde3000 rw-p 00016000 08:06 2763672                    /usr/lib/jvm/java-7-oracle/jre/lib/amd64/libnet.so
7f93bdde3000-7f93bdde4000 ---p 00000000 00:00 0 
7f93bdde4000-7f93bdee4000 rw-p 00000000 00:00 0 
7f93bdee4000-7f93bdee7000 ---p 00000000 00:00 0 
7f93bdee7000-7f93bdfe5000 rw-p 00000000 00:00 0 
7f93bdfe5000-7f93bdfe8000 ---p 00000000 00:00 0 
7f93bdfe8000-7f93be0e6000 rw-p 00000000 00:00 0 
7f93be0e6000-7f93be0e9000 ---p 00000000 00:00 0 
7f93be0e9000-7f93be1e7000 rw-p 00000000 00:00 0 
7f93be1e7000-7f93be1ea000 ---p 00000000 00:00 0 
7f93be1ea000-7f93be2e8000 rw-p 00000000 00:00 0 
7f93be2e8000-7f93be2ea000 r--s 0001a000 00:1d 3433757                    /home/loezer/idea-IC-171.4249.39/lib/idea_rt.jar
7f93be2ea000-7f93be2f3000 r--s 0006f000 00:1d 6440855                    /home/loezer/.m2/repository/log4j/log4j/1.2.17/log4j-1.2.17.jar
7f93be2f3000-7f93be2f5000 r--s 00001000 00:1d 2503065                    /home/loezer/.m2/repository/org/slf4j/slf4j-log4j12/1.7.7/slf4j-log4j12-1.7.7.jar
7f93be2f5000-7f93be2f7000 r--s 0000f000 00:1d 2503217                    /home/loezer/.m2/repository/com/squareup/okio/okio/1.6.0/okio-1.6.0.jar
7f93be2f7000-7f93be2fc000 r--s 0004c000 00:1d 2503215                    /home/loezer/.m2/repository/com/squareup/okhttp/okhttp/2.7.5/okhttp-2.7.5.jar
7f93be2fc000-7f93be301000 r--s 0002f000 00:1d 2503213                    /home/loezer/.m2/repository/com/google/code/gson/gson/2.3.1/gson-2.3.1.jar
7f93be301000-7f93be305000 r--s 0001a000 00:1d 2503211                    /home/loezer/.m2/repository/com/squareup/retrofit/retrofit/1.9.0/retrofit-1.9.0.jar
7f93be305000-7f93be331000 r--s 00208000 00:1d 2374722                    /home/loezer/.m2/repository/com/google/guava/guava/19.0/guava-19.0.jar
7f93be331000-7f93be333000 r--s 00007000 00:1d 2503208                    /home/loezer/.m2/repository/org/influxdb/influxdb-java/2.3/influxdb-java-2.3.jar
7f93be333000-7f93be342000 r--s 00081000 00:1d 2503207                    /home/loezer/.m2/repository/joda-time/joda-time/2.7/joda-time-2.7.jar
7f93be342000-7f93be344000 r--s 0000e000 00:1d 2503202                    /home/loezer/.m2/repository/com/twitter/jsr166e/1.1.0/jsr166e-1.1.0.jar
7f93be344000-7f93be346000 r--s 00019000 00:1d 2503199                    /home/loezer/.m2/repository/org/hdrhistogram/HdrHistogram/2.1.6/HdrHistogram-2.1.6.jar
7f93be346000-7f93be348000 r--s 0000b000 00:1d 2503198                    /home/loezer/.m2/repository/com/tdunning/t-digest/3.0/t-digest-3.0.jar
7f93be348000-7f93be34a000 r--s 00012000 00:1d 2503197                    /home/loezer/.m2/repository/com/ning/compress-lzf/1.0.2/compress-lzf-1.0.2.jar
7f93be34a000-7f93be34b000 r--s 0000b000 00:1d 2503191                    /home/loezer/.m2/repository/com/fasterxml/jackson/dataformat/jackson-dataformat-cbor/2.6.6/jackson-dataformat-cbor-2.6.6.jar
7f93be34b000-7f93be351000 r--s 0003c000 00:1d 2503190                    /home/loezer/.m2/repository/org/yaml/snakeyaml/1.15/snakeyaml-1.15.jar
7f93be351000-7f93be35a000 r--s 00046000 00:1d 2503189                    /home/loezer/.m2/repository/com/fasterxml/jackson/dataformat/jackson-dataformat-yaml/2.6.6/jackson-dataformat-yaml-2.6.6.jar
7f93be35a000-7f93be35c000 r--s 00011000 00:1d 2503185                    /home/loezer/.m2/repository/com/fasterxml/jackson/dataformat/jackson-dataformat-smile/2.6.6/jackson-dataformat-smile-2.6.6.jar
7f93be35c000-7f93be35e000 r--s 00008000 00:1d 2503184                    /home/loezer/.m2/repository/org/joda/joda-convert/1.2/joda-convert-1.2.jar
7f93be35e000-7f93be375000 r--s 00100000 00:1d 2503183                    /home/loezer/.m2/repository/com/carrotsearch/hppc/0.7.1/hppc-0.7.1.jar
7f93be375000-7f93be376000 r--s 00001000 00:1d 2503179                    /home/loezer/.m2/repository/org/elasticsearch/securesm/1.0/securesm-1.0.jar
7f93be376000-7f93be379000 r--s 00022000 00:1d 2503178                    /home/loezer/.m2/repository/com/spatial4j/spatial4j/0.5/spatial4j-0.5.jar
7f93be379000-7f93be37d000 r--s 0002d000 00:1d 2503176                    /home/loezer/.m2/repository/org/apache/lucene/lucene-spatial3d/5.5.0/lucene-spatial3d-5.5.0.jar
7f93be37d000-7f93be382000 r--s 0003b000 00:1d 2503173                    /home/loezer/.m2/repository/org/apache/lucene/lucene-spatial/5.5.0/lucene-spatial-5.5.0.jar
7f93be382000-7f93be385000 r--s 00018000 00:1d 2503171                    /home/loezer/.m2/repository/org/apache/lucene/lucene-grouping/5.5.0/lucene-grouping-5.5.0.jar
7f93be385000-7f93be389000 r--s 0001e000 00:1d 2503169                    /home/loezer/.m2/repository/org/apache/lucene/lucene-join/5.5.0/lucene-join-5.5.0.jar
7f93be389000-7f93be38d000 r--s 00027000 00:1d 2503167                    /home/loezer/.m2/repository/org/apache/lucene/lucene-misc/5.5.0/lucene-misc-5.5.0.jar
7f93be38d000-7f93be392000 r--s 00038000 00:1d 2503164                    /home/loezer/.m2/repository/org/apache/lucene/lucene-suggest/5.5.0/lucene-suggest-5.5.0.jar
7f93be392000-7f93be396000 r--s 00035000 00:1d 2503162                    /home/loezer/.m2/repository/org/apache/lucene/lucene-sandbox/5.5.0/lucene-sandbox-5.5.0.jar
7f93be396000-7f93be3a0000 r--s 00059000 00:1d 2503165                    /home/loezer/.m2/repository/org/apache/lucene/lucene-queryparser/5.5.0/lucene-queryparser-5.5.0.jar
7f93be3a0000-7f93be3a4000 r--s 00020000 00:1d 2503159                    /home/loezer/.m2/repository/org/apache/lucene/lucene-highlighter/5.5.0/lucene-highlighter-5.5.0.jar
7f93be3a4000-7f93be3a6000 r--s 00007000 00:1d 2503157                    /home/loezer/.m2/repository/org/apache/lucene/lucene-memory/5.5.0/lucene-memory-5.5.0.jar
7f93be3a6000-7f93be3ad000 r--s 00037000 00:1d 2503155                    /home/loezer/.m2/repository/org/apache/lucene/lucene-queries/5.5.0/lucene-queries-5.5.0.jar
7f93be3ad000-7f93be3c0000 r--s 0016f000 00:1d 2503153                    /home/loezer/.m2/repository/org/apache/lucene/lucene-analyzers-common/5.5.0/lucene-analyzers-common-5.5.0.jar
7f93be3c0000-7f93be3c8000 r--s 00062000 00:1d 2503151                    /home/loezer/.m2/repository/org/apache/lucene/lucene-backward-codecs/5.5.0/lucene-backward-codecs-5.5.0.jar
7f93be3c8000-7f93be3ef000 r--s 0021c000 00:1d 2503149                    /home/loezer/.m2/repository/org/apache/lucene/lucene-core/5.5.0/lucene-core-5.5.0.jar
7f93be3ef000-7f93be4a0000 r--s 0084c000 00:1d 2503147                    /home/loezer/.m2/repository/org/elasticsearch/elasticsearch/2.3.5/elasticsearch-2.3.5.jar
7f93be4a0000-7f93be4d6000 r--s 00214000 00:1d 2503148                    /home/loezer/.m2/repository/org/apache/flink/flink-connector-elasticsearch2_2.10/1.2.0/flink-connector-elasticsearch2_2.10-1.2.0.jar
7f93be4d6000-7f93be4d8000 r--s 00038000 00:1d 6440885                    /home/loezer/.m2/repository/net/jpountz/lz4/lz4/1.3.0/lz4-1.3.0.jar
7f93be4d8000-7f93be4e6000 r--s 000a9000 00:1d 1982283                    /home/loezer/.m2/repository/org/apache/kafka/kafka-clients/0.10.0.1/kafka-clients-0.10.0.1.jar
7f93be4e6000-7f93be4e9000 r--s 0000e000 00:1d 2503143                    /home/loezer/.m2/repository/org/apache/flink/flink-connector-kafka-base_2.10/1.2.0/flink-connector-kafka-base_2.10-1.2.0.jar
7f93be4e9000-7f93be4ea000 r--s 00007000 00:1d 2503144                    /home/loezer/.m2/repository/org/apache/flink/flink-connector-kafka-0.9_2.10/1.2.0/flink-connector-kafka-0.9_2.10-1.2.0.jar
7f93be4ea000-7f93be4ec000 r--s 00004000 00:1d 2503140                    /home/loezer/.m2/repository/org/apache/flink/flink-connector-kafka-0.10_2.10/1.2.0/flink-connector-kafka-0.10_2.10-1.2.0.jar
7f93be4ec000-7f93be4f0000 r--s 0001c000 00:1d 2503137                    /home/loezer/.m2/repository/org/apache/flink/flink-gelly-scala_2.10/1.2.0/flink-gelly-scala_2.10-1.2.0.jar
7f93be4f0000-7f93be4f2000 r--s 00007000 00:1d 2503136                    /home/loezer/.m2/repository/org/codehaus/janino/commons-compiler/3.0.6/commons-compiler-3.0.6.jar
7f93be4f2000-7f93be4fe000 r--s 000b6000 00:1d 2503133                    /home/loezer/.m2/repository/org/codehaus/janino/janino/3.0.6/janino-3.0.6.jar
7f93be4fe000-7f93be60a000 r--s 00d09000 00:1d 2503131                    /home/loezer/.m2/repository/org/apache/flink/flink-table_2.10/1.2.0/flink-table_2.10-1.2.0.jar
7f93be60a000-7f93be616000 r--s 0006f000 00:1d 2503130                    /home/loezer/.m2/repository/org/apache/flink/flink-gelly_2.10/1.2.0/flink-gelly_2.10-1.2.0.jar
7f93be616000-7f93be64f000 r--s 00245000 00:1d 2503128                    /home/loezer/.m2/repository/org/apache/flink/flink-streaming-scala_2.10/1.2.0/flink-streaming-scala_2.10-1.2.0.jar
7f93be64f000-7f93be65b000 r--s 000a4000 00:1d 2503090                    /home/loezer/.m2/repository/org/scalamacros/quasiquotes_2.10/2.0.1/quasiquotes_2.10-2.0.1.jar
7f93be65b000-7f93be758000 r--s 00cca000 00:1d 2503088                    /home/loezer/.m2/repository/org/scala-lang/scala-compiler/2.10.4/scala-compiler-2.10.4.jar
7f93be758000-7f93be78e000 r--s 002d9000 00:1d 2503087                    /home/loezer/.m2/repository/org/scala-lang/scala-reflect/2.10.4/scala-reflect-2.10.4.jar
7f93be78e000-7f93be7d0000 r--s 002ca000 00:1d 2503085                    /home/loezer/.m2/repository/org/apache/flink/flink-scala_2.10/1.2.0/flink-scala_2.10-1.2.0.jar
7f93be7d0000-7f93be849000 rw-p 00000000 00:00 0 
7f93be849000-7f93beb7b000 r--s 0290e000 00:1d 3153637                    /home/loezer/.m2/repository/com/data-artisans/flink-training-exercises/0.9.0/flink-training-exercises-0.9.0.jar
7f93beb7b000-7f93beb7c000 r--s 0000c000 00:1d 2503071                    /home/loezer/.m2/repository/commons-cli/commons-cli/1.3.1/commons-cli-1.3.1.jar
7f93beb7c000-7f93bebb6000 r--s 00265000 00:1d 2503125                    /home/loezer/.m2/repository/org/apache/flink/flink-optimizer_2.10/1.2.0/flink-optimizer_2.10-1.2.0.jar
7f93bebb6000-7f93bebb8000 r--s 00015000 00:1d 2503122                    /home/loezer/.m2/repository/org/apache/flink/flink-clients_2.10/1.2.0/flink-clients_2.10-1.2.0.jar
7f93bebb8000-7f93bebba000 r--s 0000a000 00:1d 2503126                    /home/loezer/.m2/repository/org/apache/sling/org.apache.sling.commons.json/2.0.6/org.apache.sling.commons.json-2.0.6.jar
7f93bebba000-7f93bebbc000 r--s 0000b000 00:1d 2503119                    /home/loezer/.m2/repository/com/twitter/chill-java/0.7.4/chill-java-0.7.4.jar
7f93bebbc000-7f93bebc1000 r--s 00032000 00:1d 2503117                    /home/loezer/.m2/repository/com/twitter/chill_2.10/0.7.4/chill_2.10-0.7.4.jar
7f93bebc1000-7f93bebc4000 r--s 0000a000 00:1d 2503116                    /home/loezer/.m2/repository/com/fasterxml/jackson/core/jackson-annotations/2.7.0/jackson-annotations-2.7.0.jar
7f93bebc4000-7f93bebd5000 r--s 00115000 00:1d 2503115                    /home/loezer/.m2/repository/com/fasterxml/jackson/core/jackson-databind/2.7.4/jackson-databind-2.7.4.jar
7f93bebd5000-7f93bebd8000 r--s 0003b000 00:1d 2503203                    /home/loezer/.m2/repository/com/fasterxml/jackson/core/jackson-core/2.7.4/jackson-core-2.7.4.jar
7f93bebd8000-7f93bebdc000 r--s 0001b000 00:1d 2503112                    /home/loezer/.m2/repository/com/github/scopt/scopt_2.10/3.2.0/scopt_2.10-3.2.0.jar
7f93bebdc000-7f93bebdd000 r--s 00001000 00:1d 2503110                    /home/loezer/.m2/repository/org/clapper/grizzled-slf4j_2.10/1.0.2/grizzled-slf4j_2.10-1.0.2.jar
7f93bebdd000-7f93bebde000 r--s 00003000 00:1d 2503109                    /home/loezer/.m2/repository/com/data-artisans/flakka-slf4j_2.10/2.3-custom/flakka-slf4j_2.10-2.3-custom.jar
7f93bebde000-7f93bebe0000 r--s 0000a000 00:1d 2503105                    /home/loezer/.m2/repository/org/uncommons/maths/uncommons-maths/1.2.2a/uncommons-maths-1.2.2a.jar
7f93bebe0000-7f93bebe8000 r--s 0007b000 00:1d 6440887                    /home/loezer/.m2/repository/com/google/protobuf/protobuf-java/2.5.0/protobuf-java-2.5.0.jar
7f93bebe8000-7f93bebfe000 r--s 0013b000 00:1d 2503103                    /home/loezer/.m2/repository/com/data-artisans/flakka-remote_2.10/2.3-custom/flakka-remote_2.10-2.3-custom.jar
7f93bebfe000-7f93bec02000 r--s 00032000 00:1d 2503101                    /home/loezer/.m2/repository/com/typesafe/config/1.2.1/config-1.2.1.jar
7f93bec02000-7f93bec2a000 r--s 00289000 00:1d 2503100                    /home/loezer/.m2/repository/com/data-artisans/flakka-actor_2.10/2.3-custom/flakka-actor_2.10-2.3-custom.jar
7f93bec2a000-7f93bec9c000 r--s 0065a000 00:1d 6434091                    /home/loezer/.m2/repository/org/scala-lang/scala-library/2.10.4/scala-library-2.10.4.jar
7f93bec9c000-7f93beca6000 r--s 000a5000 00:1d 2503097                    /home/loezer/.m2/repository/org/javassist/javassist/3.18.2-GA/javassist-3.18.2-GA.jar
7f93beca6000-7f93becc6000 r--s 001ba000 00:1d 2503095                    /home/loezer/.m2/repository/io/netty/netty-all/4.0.27.Final/netty-all-4.0.27.Final.jar
7f93becc6000-7f93bed49000 r--s 00552000 00:1d 2503093                    /home/loezer/.m2/repository/org/apache/flink/flink-runtime_2.10/1.2.0/flink-runtime_2.10-1.2.0.jar
7f93bed49000-7f93bed8d000 r--s 002b3000 00:1d 2503092                    /home/loezer/.m2/repository/org/apache/flink/flink-streaming-java_2.10/1.2.0/flink-streaming-java_2.10-1.2.0.jar
7f93bed8d000-7f93bed8e000 r--s 00001000 00:1d 2503084                    /home/loezer/.m2/repository/org/apache/flink/force-shading/1.2.0/force-shading-1.2.0.jar
7f93bed8e000-7f93bed91000 r--s 00006000 00:1d 6440889                    /home/loezer/.m2/repository/com/google/code/findbugs/jsr305/1.3.9/jsr305-1.3.9.jar
7f93bed91000-7f93bed93000 r--s 00006000 00:1d 1312976                    /home/loezer/.m2/repository/org/slf4j/slf4j-api/1.7.7/slf4j-api-1.7.7.jar
7f93bed93000-7f93bedb7000 r--s 001ce000 00:1d 2374721                    /home/loezer/.m2/repository/org/apache/commons/commons-math3/3.5/commons-math3-3.5.jar
7f93bedb7000-7f93bedbe000 r--s 0005e000 00:1d 2503081                    /home/loezer/.m2/repository/org/apache/commons/commons-lang3/3.3.2/commons-lang3-3.3.2.jar
7f93bedbe000-7f93bedc0000 r--s 0000e000 00:1d 928036                     /home/loezer/.m2/repository/javax/activation/activation/1.1/activation-1.1.jar
7f93bedc0000-7f93bedc2000 r--s 00004000 00:1d 928035                     /home/loezer/.m2/repository/javax/xml/stream/stax-api/1.0-2/stax-api-1.0-2.jar
7f93bedc2000-7f93bedc5000 r--s 00017000 00:1d 928033                     /home/loezer/.m2/repository/javax/xml/bind/jaxb-api/2.2.2/jaxb-api-2.2.2.jar
7f93bedc5000-7f93bedc6000 r--s 00005000 00:1d 1856067                    /home/loezer/.m2/repository/commons-daemon/commons-daemon/1.0.13/commons-daemon-1.0.13.jar
7f93bedc6000-7f93bedc8000 r--s 00005000 00:1d 2503079                    /home/loezer/.m2/repository/commons-beanutils/commons-beanutils-bean-collections/1.8.3/commons-beanutils-bean-collections-1.8.3.jar
7f93bedc8000-7f93bede0000 r--s 00110000 00:1d 1856125                    /home/loezer/.m2/repository/io/netty/netty/3.7.0.Final/netty-3.7.0.Final.jar
7f93bede0000-7f93bedec000 r--s 000b6000 00:1d 1720362                    /home/loezer/.m2/repository/org/apache/zookeeper/zookeeper/3.4.6/zookeeper-3.4.6.jar
7f93bedec000-7f93bedef000 r--s 0002b000 00:1d 1856075                    /home/loezer/.m2/repository/com/jcraft/jsch/0.1.42/jsch-0.1.42.jar
7f93bedef000-7f93bedf1000 r--s 00130000 00:1d 2503077                    /home/loezer/.m2/repository/org/xerial/snappy/snappy-java/1.0.5/snappy-java-1.0.5.jar
7f93bedf1000-7f93bedf3000 r--s 00006000 00:1d 1591342                    /home/loezer/.m2/repository/com/thoughtworks/paranamer/paranamer/2.3/paranamer-2.3.jar
7f93bedf3000-7f93bee00000 r--s 00097000 00:1d 1591365                    /home/loezer/.m2/repository/org/codehaus/jackson/jackson-mapper-asl/1.8.8/jackson-mapper-asl-1.8.8.jar
7f93bee00000-7f93bee04000 r--s 00034000 00:1d 1591364                    /home/loezer/.m2/repository/org/codehaus/jackson/jackson-core-asl/1.8.8/jackson-core-asl-1.8.8.jar
7f93bee04000-7f93bee08000 r--s 00020000 00:1d 2503074                    /home/loezer/.m2/repository/commons-digester/commons-digester/1.8.1/commons-digester-1.8.1.jar
7f93bee08000-7f93bee0f000 r--s 0004f000 00:1d 2503073                    /home/loezer/.m2/repository/commons-configuration/commons-configuration/1.7/commons-configuration-1.7.jar
7f93bee0f000-7f93bee14000 r--s 00041000 00:1d 6440867                    /home/loezer/.m2/repository/commons-lang/commons-lang/2.6/commons-lang-2.6.jar
7f93bee14000-7f93bee16000 r--s 0000e000 00:1d 6440866                    /home/loezer/.m2/repository/commons-logging/commons-logging/1.1.3/commons-logging-1.1.3.jar
7f93bee16000-7f93bee19000 r--s 00019000 00:1d 1450006                    /home/loezer/.m2/repository/commons-el/commons-el/1.0/commons-el-1.0.jar
7f93bee19000-7f93bee23000 r--s 00066000 00:1d 1056959                    /home/loezer/.m2/repository/com/sun/jersey/jersey-core/1.9/jersey-core-1.9.jar
7f93bee23000-7f93bee27000 r--s 00028000 00:1d 1056957                    /home/loezer/.m2/repository/org/mortbay/jetty/jetty-util/6.1.26/jetty-util-6.1.26.jar
7f93bee27000-7f93bee29000 r--s 00018000 00:1d 928029                     /home/loezer/.m2/repository/javax/servlet/servlet-api/2.5/servlet-api-2.5.jar
7f93bee29000-7f93bee2e000 r--s 0003e000 00:1d 1449996                    /home/loezer/.m2/repository/commons-net/commons-net/3.1/commons-net-3.1.jar
7f93bee2e000-7f93bee32000 r--s 0002a000 00:1d 1202274                    /home/loezer/.m2/repository/commons-io/commons-io/2.4/commons-io-2.4.jar
7f93bee32000-7f93bee34000 r--s 0000d000 00:1d 1051686                    /home/loezer/.m2/repository/commons-codec/commons-codec/1.4/commons-codec-1.4.jar
7f93bee34000-7f93bef57000 r--s 0104e000 00:1d 2503070                    /home/loezer/.m2/repository/org/apache/flink/flink-shaded-hadoop2/1.2.0/flink-shaded-hadoop2-1.2.0.jar
7f93bef57000-7f93bef60000 r--s 00062000 00:1d 2503064                    /home/loezer/.m2/repository/org/apache/avro/avro/1.7.7/avro-1.7.7.jar
7f93bef60000-7f93c1000000 rw-p 00000000 00:00 0 
7f93c1000000-7f93c1270000 rwxp 00000000 00:00 0 
7f93c1270000-7f93c4d82000 rw-p 00000000 00:00 0 
7f93c4d82000-7f93c8000000 ---p 00000000 00:00 0 
7f93c8000000-7f93c8001000 r--s 00004000 00:1d 1450007                    /home/loezer/.m2/repository/com/jamesmurty/utils/java-xmlbuilder/0.4/java-xmlbuilder-0.4.jar
7f93c8001000-7f93c8002000 r--s 00003000 00:1d 1312927                    /home/loezer/.m2/repository/xmlenc/xmlenc/0.52/xmlenc-0.52.jar
7f93c8002000-7f93c8006000 r--s 00014000 00:1d 928031                     /home/loezer/.m2/repository/org/tukaani/xz/1.0/xz-1.0.jar
7f93c8006000-7f93c800b000 r--s 00036000 00:1d 928017                     /home/loezer/.m2/repository/org/apache/commons/commons-compress/1.4.1/commons-compress-1.4.1.jar
7f93c800b000-7f93c8018000 r--s 00083000 00:1d 2503060                    /home/loezer/.m2/repository/commons-collections/commons-collections/3.2.2/commons-collections-3.2.2.jar
7f93c8018000-7f93c801a000 r--s 00009000 00:1d 2503059                    /home/loezer/.m2/repository/org/objenesis/objenesis/2.1/objenesis-2.1.jar
7f93c801a000-7f93c801c000 r--s 00000000 00:1d 2503055                    /home/loezer/.m2/repository/com/esotericsoftware/minlog/minlog/1.2/minlog-1.2.jar
7f93c801c000-7f93c8022000 r--s 0004d000 00:1d 2503056                    /home/loezer/.m2/repository/com/esotericsoftware/kryo/kryo/2.24.0/kryo-2.24.0.jar
7f93c8022000-7f93c8023000 r--s 00004000 00:1d 2503062                    /home/loezer/.m2/repository/org/apache/flink/flink-metrics-core/1.2.0/flink-metrics-core-1.2.0.jar
7f93c8023000-7f93c803a000 r--s 00123000 00:1d 2503051                    /home/loezer/.m2/repository/org/apache/flink/flink-core/1.2.0/flink-core-1.2.0.jar
7f93c803a000-7f93c804a000 r--s 000ad000 00:1d 2503053                    /home/loezer/.m2/repository/org/apache/flink/flink-java/1.2.0/flink-java-1.2.0.jar
7f93c804a000-7f93c8054000 r--s 00253000 08:06 2502173                    /usr/lib/jvm/java-7-oracle/jre/lib/resources.jar
7f93c8054000-7f93c8067000 r--s 000d6000 08:06 2502168                    /usr/lib/jvm/java-7-oracle/jre/lib/plugin.jar
7f93c8067000-7f93c806b000 r--s 0008b000 08:06 2502150                    /usr/lib/jvm/java-7-oracle/jre/lib/jsse.jar
7f93c806b000-7f93c80fa000 r--s 00de4000 08:06 2502151                    /usr/lib/jvm/java-7-oracle/jre/lib/jfxrt.jar
7f93c80fa000-7f93c80ff000 r--s 0007e000 08:06 2502163                    /usr/lib/jvm/java-7-oracle/jre/lib/jfr.jar
7f93c80ff000-7f93c8118000 r--s 001e7000 08:06 2502187                    /usr/lib/jvm/java-7-oracle/jre/lib/deploy.jar
7f93c8118000-7f93c811b000 ---p 00000000 00:00 0 
7f93c811b000-7f93c8219000 rw-p 00000000 00:00 0 
7f93c8219000-7f93c88fd000 r--p 00000000 08:06 2366463                    /usr/lib/locale/locale-archive
7f93c88fd000-7f93c8900000 ---p 00000000 00:00 0 
7f93c8900000-7f93c89fe000 rw-p 00000000 00:00 0 
7f93c89fe000-7f93c8a01000 ---p 00000000 00:00 0 
7f93c8a01000-7f93c8aff000 rw-p 00000000 00:00 0 
7f93c8aff000-7f93c8b00000 ---p 00000000 00:00 0 
7f93c8b00000-7f93c9b5a000 rw-p 00000000 00:00 0 
7f93c9b5a000-7f93c9d1a000 r--s 039fb000 08:06 2502162                    /usr/lib/jvm/java-7-oracle/jre/lib/rt.jar
7f93c9d1a000-7f93c9ff5000 rw-p 00000000 00:00 0 
7f93c9ff5000-7f93c9ff6000 ---p 00000000 00:00 0 
7f93c9ff6000-7f93ca0f6000 rw-p 00000000 00:00 0 
7f93ca0f6000-7f93ca0f7000 ---p 00000000 00:00 0 
7f93ca0f7000-7f93ca1f7000 rw-p 00000000 00:00 0 
7f93ca1f7000-7f93ca1f8000 ---p 00000000 00:00 0 
7f93ca1f8000-7f93ca2f8000 rw-p 00000000 00:00 0 
7f93ca2f8000-7f93ca2f9000 ---p 00000000 00:00 0 
7f93ca2f9000-7f93ca40a000 rw-p 00000000 00:00 0 
7f93ca40a000-7f93ca422000 rw-p 00000000 00:00 0 
7f93ca422000-7f93ca467000 rw-p 00000000 00:00 0 
7f93ca467000-7f93ca563000 rw-p 00000000 00:00 0 
7f93ca563000-7f93ca574000 rw-p 00000000 00:00 0 
7f93ca574000-7f93ca58c000 rw-p 00000000 00:00 0 
7f93ca58c000-7f93ca5d1000 rw-p 00000000 00:00 0 
7f93ca5d1000-7f93ca6cc000 rw-p 00000000 00:00 0 
7f93ca6cc000-7f93ca725000 rw-p 00000000 00:00 0 
7f93ca725000-7f93ca76d000 rw-p 00000000 00:00 0 
7f93ca76d000-7f93ca76e000 rw-p 00000000 00:00 0 
7f93ca76e000-7f93ca785000 r-xp 00000000 08:06 2763678                    /usr/lib/jvm/java-7-oracle/jre/lib/amd64/libzip.so
7f93ca785000-7f93ca985000 ---p 00017000 08:06 2763678                    /usr/lib/jvm/java-7-oracle/jre/lib/amd64/libzip.so
7f93ca985000-7f93ca986000 rw-p 00017000 08:06 2763678                    /usr/lib/jvm/java-7-oracle/jre/lib/amd64/libzip.so
7f93ca986000-7f93ca990000 r-xp 00000000 08:06 528920                     /lib/x86_64-linux-gnu/libnss_files-2.19.so
7f93ca990000-7f93cab8f000 ---p 0000a000 08:06 528920                     /lib/x86_64-linux-gnu/libnss_files-2.19.so
7f93cab8f000-7f93cab90000 r--p 00009000 08:06 528920                     /lib/x86_64-linux-gnu/libnss_files-2.19.so
7f93cab90000-7f93cab91000 rw-p 0000a000 08:06 528920                     /lib/x86_64-linux-gnu/libnss_files-2.19.so
7f93cab91000-7f93cab9c000 r-xp 00000000 08:06 528930                     /lib/x86_64-linux-gnu/libnss_nis-2.19.so
7f93cab9c000-7f93cad9b000 ---p 0000b000 08:06 528930                     /lib/x86_64-linux-gnu/libnss_nis-2.19.so
7f93cad9b000-7f93cad9c000 r--p 0000a000 08:06 528930                     /lib/x86_64-linux-gnu/libnss_nis-2.19.so
7f93cad9c000-7f93cad9d000 rw-p 0000b000 08:06 528930                     /lib/x86_64-linux-gnu/libnss_nis-2.19.so
7f93cad9d000-7f93cadb4000 r-xp 00000000 08:06 528914                     /lib/x86_64-linux-gnu/libnsl-2.19.so
7f93cadb4000-7f93cafb3000 ---p 00017000 08:06 528914                     /lib/x86_64-linux-gnu/libnsl-2.19.so
7f93cafb3000-7f93cafb4000 r--p 00016000 08:06 528914                     /lib/x86_64-linux-gnu/libnsl-2.19.so
7f93cafb4000-7f93cafb5000 rw-p 00017000 08:06 528914                     /lib/x86_64-linux-gnu/libnsl-2.19.so
7f93cafb5000-7f93cafb7000 rw-p 00000000 00:00 0 
7f93cafb7000-7f93cafc0000 r-xp 00000000 08:06 528916                     /lib/x86_64-linux-gnu/libnss_compat-2.19.so
7f93cafc0000-7f93cb1bf000 ---p 00009000 08:06 528916                     /lib/x86_64-linux-gnu/libnss_compat-2.19.so
7f93cb1bf000-7f93cb1c0000 r--p 00008000 08:06 528916                     /lib/x86_64-linux-gnu/libnss_compat-2.19.so
7f93cb1c0000-7f93cb1c1000 rw-p 00009000 08:06 528916                     /lib/x86_64-linux-gnu/libnss_compat-2.19.so
7f93cb1c1000-7f93cb1cb000 r-xp 00000000 08:06 2763660                    /usr/lib/jvm/java-7-oracle/jre/lib/amd64/libinstrument.so
7f93cb1cb000-7f93cb3ca000 ---p 0000a000 08:06 2763660                    /usr/lib/jvm/java-7-oracle/jre/lib/amd64/libinstrument.so
7f93cb3ca000-7f93cb3cb000 rw-p 00009000 08:06 2763660                    /usr/lib/jvm/java-7-oracle/jre/lib/amd64/libinstrument.so
7f93cb3cb000-7f93cb3f4000 r-xp 00000000 08:06 2763685                    /usr/lib/jvm/java-7-oracle/jre/lib/amd64/libjava.so
7f93cb3f4000-7f93cb5f4000 ---p 00029000 08:06 2763685                    /usr/lib/jvm/java-7-oracle/jre/lib/amd64/libjava.so
7f93cb5f4000-7f93cb5f6000 rw-p 00029000 08:06 2763685                    /usr/lib/jvm/java-7-oracle/jre/lib/amd64/libjava.so
7f93cb5f6000-7f93cb603000 r-xp 00000000 08:06 2763669                    /usr/lib/jvm/java-7-oracle/jre/lib/amd64/libverify.so
7f93cb603000-7f93cb802000 ---p 0000d000 08:06 2763669                    /usr/lib/jvm/java-7-oracle/jre/lib/amd64/libverify.so
7f93cb802000-7f93cb804000 rw-p 0000c000 08:06 2763669                    /usr/lib/jvm/java-7-oracle/jre/lib/amd64/libverify.so
7f93cb804000-7f93cb80b000 r-xp 00000000 08:06 528973                     /lib/x86_64-linux-gnu/librt-2.19.so
7f93cb80b000-7f93cba0a000 ---p 00007000 08:06 528973                     /lib/x86_64-linux-gnu/librt-2.19.so
7f93cba0a000-7f93cba0b000 r--p 00006000 08:06 528973                     /lib/x86_64-linux-gnu/librt-2.19.so
7f93cba0b000-7f93cba0c000 rw-p 00007000 08:06 528973                     /lib/x86_64-linux-gnu/librt-2.19.so
7f93cba0c000-7f93cbb11000 r-xp 00000000 08:06 528895                     /lib/x86_64-linux-gnu/libm-2.19.so
7f93cbb11000-7f93cbd10000 ---p 00105000 08:06 528895                     /lib/x86_64-linux-gnu/libm-2.19.so
7f93cbd10000-7f93cbd11000 r--p 00104000 08:06 528895                     /lib/x86_64-linux-gnu/libm-2.19.so
7f93cbd11000-7f93cbd12000 rw-p 00105000 08:06 528895                     /lib/x86_64-linux-gnu/libm-2.19.so
7f93cbd12000-7f93cc888000 r-xp 00000000 08:06 3022999                    /usr/lib/jvm/java-7-oracle/jre/lib/amd64/server/libjvm.so
7f93cc888000-7f93cca87000 ---p 00b76000 08:06 3022999                    /usr/lib/jvm/java-7-oracle/jre/lib/amd64/server/libjvm.so
7f93cca87000-7f93ccb4b000 rw-p 00b75000 08:06 3022999                    /usr/lib/jvm/java-7-oracle/jre/lib/amd64/server/libjvm.so
7f93ccb4b000-7f93ccb8c000 rw-p 00000000 00:00 0 
7f93ccb8c000-7f93ccd46000 r-xp 00000000 08:06 528845                     /lib/x86_64-linux-gnu/libc-2.19.so
7f93ccd46000-7f93ccf46000 ---p 001ba000 08:06 528845                     /lib/x86_64-linux-gnu/libc-2.19.so
7f93ccf46000-7f93ccf4a000 r--p 001ba000 08:06 528845                     /lib/x86_64-linux-gnu/libc-2.19.so
7f93ccf4a000-7f93ccf4c000 rw-p 001be000 08:06 528845                     /lib/x86_64-linux-gnu/libc-2.19.so
7f93ccf4c000-7f93ccf51000 rw-p 00000000 00:00 0 
7f93ccf51000-7f93ccf54000 r-xp 00000000 08:06 528862                     /lib/x86_64-linux-gnu/libdl-2.19.so
7f93ccf54000-7f93cd153000 ---p 00003000 08:06 528862                     /lib/x86_64-linux-gnu/libdl-2.19.so
7f93cd153000-7f93cd154000 r--p 00002000 08:06 528862                     /lib/x86_64-linux-gnu/libdl-2.19.so
7f93cd154000-7f93cd155000 rw-p 00003000 08:06 528862                     /lib/x86_64-linux-gnu/libdl-2.19.so
7f93cd155000-7f93cd16a000 r-xp 00000000 08:06 2898233                    /usr/lib/jvm/java-7-oracle/lib/amd64/jli/libjli.so
7f93cd16a000-7f93cd369000 ---p 00015000 08:06 2898233                    /usr/lib/jvm/java-7-oracle/lib/amd64/jli/libjli.so
7f93cd369000-7f93cd36a000 rw-p 00014000 08:06 2898233                    /usr/lib/jvm/java-7-oracle/lib/amd64/jli/libjli.so
7f93cd36a000-7f93cd383000 r-xp 00000000 08:06 528965                     /lib/x86_64-linux-gnu/libpthread-2.19.so
7f93cd383000-7f93cd582000 ---p 00019000 08:06 528965                     /lib/x86_64-linux-gnu/libpthread-2.19.so
7f93cd582000-7f93cd583000 r--p 00018000 08:06 528965                     /lib/x86_64-linux-gnu/libpthread-2.19.so
7f93cd583000-7f93cd584000 rw-p 00019000 08:06 528965                     /lib/x86_64-linux-gnu/libpthread-2.19.so
7f93cd584000-7f93cd588000 rw-p 00000000 00:00 0 
7f93cd588000-7f93cd5ab000 r-xp 00000000 08:06 528821                     /lib/x86_64-linux-gnu/ld-2.19.so
7f93cd5ab000-7f93cd5ac000 r--s 00002000 00:1d 2503052                    /home/loezer/.m2/repository/org/apache/flink/flink-annotations/1.2.0/flink-annotations-1.2.0.jar
7f93cd5ac000-7f93cd5af000 r--s 00019000 08:06 2502182                    /usr/lib/jvm/java-7-oracle/jre/lib/jce.jar
7f93cd5af000-7f93cd5b8000 r--s 00068000 08:06 2502160                    /usr/lib/jvm/java-7-oracle/jre/lib/javaws.jar
7f93cd5b8000-7f93cd5d7000 rw-p 00000000 00:00 0 
7f93cd5d7000-7f93cd68d000 rw-p 00000000 00:00 0 
7f93cd68d000-7f93cd690000 ---p 00000000 00:00 0 
7f93cd690000-7f93cd792000 rw-p 00000000 00:00 0 
7f93cd792000-7f93cd793000 r--s 00000000 08:06 2502184                    /usr/lib/jvm/java-7-oracle/jre/lib/management-agent.jar
7f93cd793000-7f93cd79e000 r--s 0037c000 08:06 2502161                    /usr/lib/jvm/java-7-oracle/jre/lib/charsets.jar
7f93cd79e000-7f93cd7a6000 rw-s 00000000 08:06 2375631                    /tmp/hsperfdata_loezer/9500
7f93cd7a6000-7f93cd7a7000 rw-p 00000000 00:00 0 
7f93cd7a7000-7f93cd7a8000 ---p 00000000 00:00 0 
7f93cd7a8000-7f93cd7aa000 rw-p 00000000 00:00 0 
7f93cd7aa000-7f93cd7ab000 r--p 00022000 08:06 528821                     /lib/x86_64-linux-gnu/ld-2.19.so
7f93cd7ab000-7f93cd7ac000 rw-p 00023000 08:06 528821                     /lib/x86_64-linux-gnu/ld-2.19.so
7f93cd7ac000-7f93cd7ad000 rw-p 00000000 00:00 0 
7ffdf5fe4000-7ffdf6008000 rw-p 00000000 00:00 0                          [stack]
7ffdf602f000-7ffdf6031000 r--p 00000000 00:00 0                          [vvar]
7ffdf6031000-7ffdf6033000 r-xp 00000000 00:00 0                          [vdso]
ffffffffff600000-ffffffffff601000 r-xp 00000000 00:00 0                  [vsyscall]

VM Arguments:
jvm_args: -javaagent:/home/loezer/idea-IC-171.4249.39/lib/idea_rt.jar=41002:/home/loezer/idea-IC-171.4249.39/bin -Dfile.encoding=UTF-8 
java_command: org.apache.flink.quickstart.WordCount
Launcher Type: SUN_STANDARD

Environment Variables:
JAVA_HOME=/usr/lib/jvm/java-8-oracle
PATH=/home/loezer/anaconda3/bin:/usr/local/sbin:/usr/local/bin:/usr/sbin:/usr/bin:/sbin:/bin:/usr/games:/usr/local/games:/usr/lib/jvm/java-8-oracle/bin:/usr/lib/jvm/java-8-oracle/db/bin:/usr/lib/jvm/java-8-oracle/jre/bin:/usr/lib/jvm/java-8-oracle/bin:/usr/share/sbt-launcher-packaging/bin/sbt-launch.jar/bin:/usr/lib/spark/bin:/usr/lib/spark/sbin
LD_LIBRARY_PATH=.:
SHELL=/bin/bash
DISPLAY=:0

Signal Handlers:
SIGSEGV: [libjvm.so+0x9a3b20], sa_mask[0]=0x7ffbfeff, sa_flags=0x10000004
SIGBUS: [libjvm.so+0x9a3b20], sa_mask[0]=0x7ffbfeff, sa_flags=0x10000004
SIGFPE: [libjvm.so+0x81e740], sa_mask[0]=0x7ffbfeff, sa_flags=0x10000004
SIGPIPE: [libjvm.so+0x81e740], sa_mask[0]=0x7ffbfeff, sa_flags=0x10000004
SIGXFSZ: [libjvm.so+0x81e740], sa_mask[0]=0x7ffbfeff, sa_flags=0x10000004
SIGILL: [libjvm.so+0x81e740], sa_mask[0]=0x7ffbfeff, sa_flags=0x10000004
SIGUSR1: SIG_DFL, sa_mask[0]=0x00000000, sa_flags=0x00000000
SIGUSR2: [libjvm.so+0x81ffb0], sa_mask[0]=0x00000004, sa_flags=0x10000004
SIGHUP: [libjvm.so+0x8210d0], sa_mask[0]=0x7ffbfeff, sa_flags=0x10000004
SIGINT: [libjvm.so+0x8210d0], sa_mask[0]=0x7ffbfeff, sa_flags=0x10000004
SIGTERM: [libjvm.so+0x8210d0], sa_mask[0]=0x7ffbfeff, sa_flags=0x10000004
SIGQUIT: [libjvm.so+0x8210d0], sa_mask[0]=0x7ffbfeff, sa_flags=0x10000004


---------------  S Y S T E M  ---------------

OS:jessie/sid

uname:Linux 4.4.0-38-generic #57~14.04.1-Ubuntu SMP Tue Sep 6 17:20:43 UTC 2016 x86_64
libc:glibc 2.19 NPTL 2.19 
rlimit: STACK 8192k, CORE 0k, NPROC 14960, NOFILE 4096, AS infinity
load average:17,95 6,52 5,92

/proc/meminfo:
MemTotal:        3936068 kB
MemFree:          120356 kB
MemAvailable:      29400 kB
Buffers:             500 kB
Cached:           826024 kB
SwapCached:            0 kB
Active:          2865564 kB
Inactive:         769876 kB
Active(anon):    2862444 kB
Inactive(anon):   756304 kB
Active(file):       3120 kB
Inactive(file):    13572 kB
Unevictable:          32 kB
Mlocked:              32 kB
SwapTotal:             0 kB
SwapFree:              0 kB
Dirty:                24 kB
Writeback:             0 kB
AnonPages:       2809200 kB
Mapped:           289036 kB
Shmem:            809580 kB
Slab:              91668 kB
SReclaimable:      44088 kB
SUnreclaim:        47580 kB
KernelStack:       10464 kB
PageTables:        38944 kB
NFS_Unstable:          0 kB
Bounce:                0 kB
WritebackTmp:          0 kB
CommitLimit:     1968032 kB
Committed_AS:    7824956 kB
VmallocTotal:   34359738367 kB
VmallocUsed:           0 kB
VmallocChunk:          0 kB
HardwareCorrupted:     0 kB
AnonHugePages:    763904 kB
CmaTotal:              0 kB
CmaFree:               0 kB
HugePages_Total:       0
HugePages_Free:        0
HugePages_Rsvd:        0
HugePages_Surp:        0
Hugepagesize:       2048 kB
DirectMap4k:       90880 kB
DirectMap2M:     1896448 kB
DirectMap1G:     3145728 kB


CPU:total 4 (2 cores per cpu, 2 threads per core) family 6 model 69 stepping 1, cmov, cx8, fxsr, mmx, sse, sse2, sse3, ssse3, sse4.1, sse4.2, popcnt, avx, avx2, aes, erms, ht, tsc, tscinvbit

/proc/cpuinfo:
processor	: 0
vendor_id	: GenuineIntel
cpu family	: 6
model		: 69
model name	: Intel(R) Core(TM) i5-4200U CPU @ 1.60GHz
stepping	: 1
microcode	: 0x1c
cpu MHz		: 872.023
cache size	: 3072 KB
physical id	: 0
siblings	: 4
core id		: 0
cpu cores	: 2
apicid		: 0
initial apicid	: 0
fpu		: yes
fpu_exception	: yes
cpuid level	: 13
wp		: yes
flags		: fpu vme de pse tsc msr pae mce cx8 apic sep mtrr pge mca cmov pat pse36 clflush dts acpi mmx fxsr sse sse2 ss ht tm pbe syscall nx pdpe1gb rdtscp lm constant_tsc arch_perfmon pebs bts rep_good nopl xtopology nonstop_tsc aperfmperf eagerfpu pni pclmulqdq dtes64 monitor ds_cpl vmx est tm2 ssse3 sdbg fma cx16 xtpr pdcm pcid sse4_1 sse4_2 movbe popcnt tsc_deadline_timer aes xsave avx f16c rdrand lahf_lm abm epb tpr_shadow vnmi flexpriority ept vpid fsgsbase tsc_adjust bmi1 avx2 smep bmi2 erms invpcid xsaveopt dtherm ida arat pln pts
bugs		:
bogomips	: 4589.35
clflush size	: 64
cache_alignment	: 64
address sizes	: 39 bits physical, 48 bits virtual
power management:

processor	: 1
vendor_id	: GenuineIntel
cpu family	: 6
model		: 69
model name	: Intel(R) Core(TM) i5-4200U CPU @ 1.60GHz
stepping	: 1
microcode	: 0x1c
cpu MHz		: 828.089
cache size	: 3072 KB
physical id	: 0
siblings	: 4
core id		: 0
cpu cores	: 2
apicid		: 1
initial apicid	: 1
fpu		: yes
fpu_exception	: yes
cpuid level	: 13
wp		: yes
flags		: fpu vme de pse tsc msr pae mce cx8 apic sep mtrr pge mca cmov pat pse36 clflush dts acpi mmx fxsr sse sse2 ss ht tm pbe syscall nx pdpe1gb rdtscp lm constant_tsc arch_perfmon pebs bts rep_good nopl xtopology nonstop_tsc aperfmperf eagerfpu pni pclmulqdq dtes64 monitor ds_cpl vmx est tm2 ssse3 sdbg fma cx16 xtpr pdcm pcid sse4_1 sse4_2 movbe popcnt tsc_deadline_timer aes xsave avx f16c rdrand lahf_lm abm epb tpr_shadow vnmi flexpriority ept vpid fsgsbase tsc_adjust bmi1 avx2 smep bmi2 erms invpcid xsaveopt dtherm ida arat pln pts
bugs		:
bogomips	: 4589.35
clflush size	: 64
cache_alignment	: 64
address sizes	: 39 bits physical, 48 bits virtual
power management:

processor	: 2
vendor_id	: GenuineIntel
cpu family	: 6
model		: 69
model name	: Intel(R) Core(TM) i5-4200U CPU @ 1.60GHz
stepping	: 1
microcode	: 0x1c
cpu MHz		: 859.535
cache size	: 3072 KB
physical id	: 0
siblings	: 4
core id		: 1
cpu cores	: 2
apicid		: 2
initial apicid	: 2
fpu		: yes
fpu_exception	: yes
cpuid level	: 13
wp		: yes
flags		: fpu vme de pse tsc msr pae mce cx8 apic sep mtrr pge mca cmov pat pse36 clflush dts acpi mmx fxsr sse sse2 ss ht tm pbe syscall nx pdpe1gb rdtscp lm constant_tsc arch_perfmon pebs bts rep_good nopl xtopology nonstop_tsc aperfmperf eagerfpu pni pclmulqdq dtes64 monitor ds_cpl vmx est tm2 ssse3 sdbg fma cx16 xtpr pdcm pcid sse4_1 sse4_2 movbe popcnt tsc_deadline_timer aes xsave avx f16c rdrand lahf_lm abm epb tpr_shadow vnmi flexpriority ept vpid fsgsbase tsc_adjust bmi1 avx2 smep bmi2 erms invpcid xsaveopt dtherm ida arat pln pts
bugs		:
bogomips	: 4589.35
clflush size	: 64
cache_alignment	: 64
address sizes	: 39 bits physical, 48 bits virtual
power management:

processor	: 3
vendor_id	: GenuineIntel
cpu family	: 6
model		: 69
model name	: Intel(R) Core(TM) i5-4200U CPU @ 1.60GHz
stepping	: 1
microcode	: 0x1c
cpu MHz		: 800.507
cache size	: 3072 KB
physical id	: 0
siblings	: 4
core id		: 1
cpu cores	: 2
apicid		: 3
initial apicid	: 3
fpu		: yes
fpu_exception	: yes
cpuid level	: 13
wp		: yes
flags		: fpu vme de pse tsc msr pae mce cx8 apic sep mtrr pge mca cmov pat pse36 clflush dts acpi mmx fxsr sse sse2 ss ht tm pbe syscall nx pdpe1gb rdtscp lm constant_tsc arch_perfmon pebs bts rep_good nopl xtopology nonstop_tsc aperfmperf eagerfpu pni pclmulqdq dtes64 monitor ds_cpl vmx est tm2 ssse3 sdbg fma cx16 xtpr pdcm pcid sse4_1 sse4_2 movbe popcnt tsc_deadline_timer aes xsave avx f16c rdrand lahf_lm abm epb tpr_shadow vnmi flexpriority ept vpid fsgsbase tsc_adjust bmi1 avx2 smep bmi2 erms invpcid xsaveopt dtherm ida arat pln pts
bugs		:
bogomips	: 4589.35
clflush size	: 64
cache_alignment	: 64
address sizes	: 39 bits physical, 48 bits virtual
power management:



Memory: 4k page, physical 3936068k(117380k free), swap 0k(0k free)

vm_info: Java HotSpot(TM) 64-Bit Server VM (24.80-b11) for linux-amd64 JRE (1.7.0_80-b15), built on Apr 10 2015 19:53:14 by "java_re" with gcc 4.3.0 20080428 (Red Hat 4.3.0-8)

time: Wed May 10 14:01:10 2017
elapsed time: 78 seconds

